Bem-vindo ao Fundacao Terra!

Fundacao Terra eh um novo jogo de aventura incrivelmente chato.

Digite 'ajuda' se voce precisar de ajuda.

Muitos anos atras, antes mesmo da grande Colisao, a humanidade saia de seu planeta natal para explorar o espaço.

Apos a Colisao, a humanidade se viu presa em uma nova super-galaxia hostil e desconhecida, com muitas de suas colonias sendo ameacadas constantemente

As escritas antigas indicam que o berço da vida humana se encontra em um planeta azul rochoso com uma ou mais luas ao redor.

Aquele e o unico lugar onde a arvore da vida pode ser plantada em toda a super-galaxia.

Tudo indica que voce esta no sistema planetario certo. Agora voce precisa encontrar o planeta e garantir nossa existencia que depende da arvore da vida.

Seu combustivel e escasso, entao voce precisa ser rapido e eficiente.

Durante sua jornada, voce pode sofrer com tempestades solares, chuvas de asteroides ou ate mesmo com a falta de energia.

Boa sorte!
planeta atual: Muito lindo visto do espaco, com uma estrutura impressionante e uma complexa dinâmica atmosférica.==============================================================================================
Planeta: Muito lindo visto do espaco, com uma estrutura impressionante e uma complexa dinâmica atmosférica.
Energia: 100
Combustivel: 20
==============================================================================================
Saidas: sul ==============================================================================================
Planeta: Muito lindo visto do espaco, com uma estrutura impressionante e uma complexa dinâmica atmosférica.
Energia: 99
Combustivel: 20
==============================================================================================
Saidas: sul norte ==============================================================================================
Planeta: Muito lindo visto do espaco, com uma estrutura impressionante e uma complexa dinâmica atmosférica.
Energia: 98
Combustivel: 20
==============================================================================================
Saidas: sul ==============================================================================================
Planeta: Muito lindo visto do espaco, com uma estrutura impressionante e uma complexa dinâmica atmosférica.
Energia: 98
Combustivel: 20
==============================================================================================
Saidas: sul ==============================================================================================
Planeta: Muito lindo visto do espaco, com uma estrutura impressionante e uma complexa dinâmica atmosférica.
Energia: 98
Combustivel: 20
==============================================================================================
Saidas: sul ==============================================================================================
Planeta: possui uma crosta gelada que esconde um vasto oceano subsuperficial, tornando-a apta a abrigar vida.
Energia: 100
Combustivel: 17
==============================================================================================
Saidas: sul ==============================================================================================
Planeta: Apresenta paisagens desérticas, cânions profundos e antigas planícies marcianas, além de ser objeto de busca por evidências de vida passada
Energia: 100
Combustivel: 14
==============================================================================================
Saidas: sul ==============================================================================================
Planeta: Ilumina noites com crateras marcantes, mares escuros e uma paisagem intrigante.
Energia: 100
Combustivel: 13
==============================================================================================
Saidas: sul ==============================================================================================
Planeta: Ilumina noites com crateras marcantes, mares escuros e uma paisagem intrigante.
Energia: 100
Combustivel: 13
==============================================================================================
Saidas: sul ==============================================================================================
Planeta: Aqui a temperatura e agradavel dependendo do local. voce esta em um planeta rochoso com uma ou mais luas ao redor.
Energia: 100
Combustivel: 12
==============================================================================================
Saidas: sul 